

================================================================
== Vivado HLS Report for 'matrixmul'
================================================================
* Date:           Wed Dec 25 18:54:31 2019

* Version:        2019.2 (Build 2704478 on Wed Nov 06 22:10:23 MST 2019)
* Project:        matrix_mult
* Solution:       solution1
* Product family: artix7
* Target device:  xc7a35t-cpg236-1


================================================================
== Performance Estimates
================================================================
+ Timing: 
    * Summary: 
    +--------+----------+----------+------------+
    |  Clock |  Target  | Estimated| Uncertainty|
    +--------+----------+----------+------------+
    |ap_clk  | 10.00 ns | 7.180 ns |   1.25 ns  |
    +--------+----------+----------+------------+

+ Latency: 
    * Summary: 
    +---------+---------+----------+----------+-----+-----+---------+
    |  Latency (cycles) |  Latency (absolute) |  Interval | Pipeline|
    |   min   |   max   |    min   |    max   | min | max |   Type  |
    +---------+---------+----------+----------+-----+-----+---------+
    |      106|      106| 1.060 us | 1.060 us |  106|  106|   none  |
    +---------+---------+----------+----------+-----+-----+---------+

    + Detail: 
        * Instance: 
        N/A

        * Loop: 
        +--------------+---------+---------+----------+-----------+-----------+------+----------+
        |              |  Latency (cycles) | Iteration|  Initiation Interval  | Trip |          |
        |   Loop Name  |   min   |   max   |  Latency |  achieved |   target  | Count| Pipelined|
        +--------------+---------+---------+----------+-----------+-----------+------+----------+
        |- Row         |      105|      105|        35|          -|          -|     3|    no    |
        | + Col        |       33|       33|        11|          -|          -|     3|    no    |
        |  ++ Product  |        9|        9|         3|          -|          -|     3|    no    |
        +--------------+---------+---------+----------+-----------+-----------+------+----------+



================================================================
== Utilization Estimates
================================================================
* Summary: 
+-----------------+---------+-------+-------+-------+-----+
|       Name      | BRAM_18K| DSP48E|   FF  |  LUT  | URAM|
+-----------------+---------+-------+-------+-------+-----+
|DSP              |        -|      1|      -|      -|    -|
|Expression       |        -|      -|      0|    115|    -|
|FIFO             |        -|      -|      -|      -|    -|
|Instance         |        -|      -|      -|      -|    -|
|Memory           |        -|      -|      -|      -|    -|
|Multiplexer      |        -|      -|      -|     74|    -|
|Register         |        -|      -|     61|      -|    -|
+-----------------+---------+-------+-------+-------+-----+
|Total            |        0|      1|     61|    189|    0|
+-----------------+---------+-------+-------+-------+-----+
|Available        |      100|     90|  41600|  20800|    0|
+-----------------+---------+-------+-------+-------+-----+
|Utilization (%)  |        0|      1|   ~0  |   ~0  |    0|
+-----------------+---------+-------+-------+-------+-----+

+ Detail: 
    * Instance: 
    N/A

    * DSP48E: 
    +-------------------------+----------------------+--------------+
    |         Instance        |        Module        |  Expression  |
    +-------------------------+----------------------+--------------+
    |matrixmul_mac_mulbkb_U1  |matrixmul_mac_mulbkb  | i0 * i1 + i2 |
    +-------------------------+----------------------+--------------+

    * Memory: 
    N/A

    * FIFO: 
    N/A

    * Expression: 
    +----------------------+----------+-------+---+----+------------+------------+
    |     Variable Name    | Operation| DSP48E| FF| LUT| Bitwidth P0| Bitwidth P1|
    +----------------------+----------+-------+---+----+------------+------------+
    |add_ln13_fu_174_p2    |     +    |      0|  0|  15|           5|           5|
    |add_ln15_1_fu_200_p2  |     +    |      0|  0|  15|           5|           5|
    |add_ln15_2_fu_228_p2  |     +    |      0|  0|   8|           5|           5|
    |i_fu_130_p2           |     +    |      0|  0|  10|           2|           1|
    |j_fu_164_p2           |     +    |      0|  0|  10|           2|           1|
    |k_fu_190_p2           |     +    |      0|  0|  10|           2|           1|
    |sub_ln15_1_fu_222_p2  |     -    |      0|  0|   8|           5|           5|
    |sub_ln15_fu_152_p2    |     -    |      0|  0|  15|           5|           5|
    |icmp_ln11_fu_158_p2   |   icmp   |      0|  0|   8|           2|           2|
    |icmp_ln14_fu_184_p2   |   icmp   |      0|  0|   8|           2|           2|
    |icmp_ln9_fu_124_p2    |   icmp   |      0|  0|   8|           2|           2|
    +----------------------+----------+-------+---+----+------------+------------+
    |Total                 |          |      0|  0| 115|          37|          34|
    +----------------------+----------+-------+---+----+------------+------------+

    * Multiplexer: 
    +------------------+----+-----------+-----+-----------+
    |       Name       | LUT| Input Size| Bits| Total Bits|
    +------------------+----+-----------+-----+-----------+
    |ap_NS_fsm         |  38|          7|    1|          7|
    |i_0_reg_78        |   9|          2|    2|          4|
    |j_0_reg_89        |   9|          2|    2|          4|
    |k_0_reg_113       |   9|          2|    2|          4|
    |res_load_reg_100  |   9|          2|   16|         32|
    +------------------+----+-----------+-----+-----------+
    |Total             |  74|         15|   23|         51|
    +------------------+----+-----------+-----+-----------+

    * Register: 
    +-------------------+----+----+-----+-----------+
    |        Name       | FF | LUT| Bits| Const Bits|
    +-------------------+----+----+-----+-----------+
    |a_load_reg_302     |   8|   0|    8|          0|
    |ap_CS_fsm          |   6|   0|    6|          0|
    |b_load_reg_307     |   8|   0|    8|          0|
    |i_0_reg_78         |   2|   0|    2|          0|
    |i_reg_255          |   2|   0|    2|          0|
    |j_0_reg_89         |   2|   0|    2|          0|
    |j_reg_269          |   2|   0|    2|          0|
    |k_0_reg_113        |   2|   0|    2|          0|
    |k_reg_287          |   2|   0|    2|          0|
    |res_addr_reg_279   |   4|   0|    4|          0|
    |res_load_reg_100   |  16|   0|   16|          0|
    |sub_ln15_reg_260   |   5|   0|    5|          0|
    |zext_ln13_reg_274  |   2|   0|    5|          3|
    +-------------------+----+----+-----+-----------+
    |Total              |  61|   0|   64|          3|
    +-------------------+----+----+-----+-----------+



================================================================
== Interface
================================================================
* Summary: 
+--------------+-----+-----+------------+--------------+--------------+
|   RTL Ports  | Dir | Bits|  Protocol  | Source Object|    C Type    |
+--------------+-----+-----+------------+--------------+--------------+
|ap_clk        |  in |    1| ap_ctrl_hs |   matrixmul  | return value |
|ap_rst        |  in |    1| ap_ctrl_hs |   matrixmul  | return value |
|ap_start      |  in |    1| ap_ctrl_hs |   matrixmul  | return value |
|ap_done       | out |    1| ap_ctrl_hs |   matrixmul  | return value |
|ap_idle       | out |    1| ap_ctrl_hs |   matrixmul  | return value |
|ap_ready      | out |    1| ap_ctrl_hs |   matrixmul  | return value |
|a_address0    | out |    4|  ap_memory |       a      |     array    |
|a_ce0         | out |    1|  ap_memory |       a      |     array    |
|a_q0          |  in |    8|  ap_memory |       a      |     array    |
|b_address0    | out |    4|  ap_memory |       b      |     array    |
|b_ce0         | out |    1|  ap_memory |       b      |     array    |
|b_q0          |  in |    8|  ap_memory |       b      |     array    |
|res_address0  | out |    4|  ap_memory |      res     |     array    |
|res_ce0       | out |    1|  ap_memory |      res     |     array    |
|res_we0       | out |    1|  ap_memory |      res     |     array    |
|res_d0        | out |   16|  ap_memory |      res     |     array    |
+--------------+-----+-----+------------+--------------+--------------+

============================================================
+ Verbose Summary: Synthesis Manager
============================================================
InlineROM: 1
ExposeGlobal: 0
============================================================
+ Verbose Summary: CDFG Model
============================================================
IsTopModel: 1
ResetActiveHigh: 1
IsCombinational: 2
IsDatapathOnly: 2
HasWiredReturn: 1
HasMFsm: 0
HasVarLatency: 1
IsPipeline: 0
IsRtlPipelined: 0
IsInstanceOverlapped: 0
IsDontTouch: 0
HasImplIP: 0
IsGatedGlobalClock: 0


============================================================
+ Verbose Summary: Schedule
============================================================
* Number of FSM states : 6
* Pipeline : 0
* Dataflow Pipeline: 0

* FSM state transitions: 
1 --> 2 
2 --> 3 
3 --> 4 2 
4 --> 5 3 
5 --> 6 
6 --> 4 

* FSM state operations: 

State 1 <SV = 0> <Delay = 1.66>
ST_1 : Operation 7 [1/1] (0.00ns)   --->   "call void (...)* @_ssdm_op_SpecBitsMap([9 x i8]* %a) nounwind, !map !7"   --->   Operation 7 'specbitsmap' <Predicate = true> <Delay = 0.00>
ST_1 : Operation 8 [1/1] (0.00ns)   --->   "call void (...)* @_ssdm_op_SpecBitsMap([9 x i8]* %b) nounwind, !map !13"   --->   Operation 8 'specbitsmap' <Predicate = true> <Delay = 0.00>
ST_1 : Operation 9 [1/1] (0.00ns)   --->   "call void (...)* @_ssdm_op_SpecBitsMap([9 x i16]* %res) nounwind, !map !17"   --->   Operation 9 'specbitsmap' <Predicate = true> <Delay = 0.00>
ST_1 : Operation 10 [1/1] (0.00ns)   --->   "call void (...)* @_ssdm_op_SpecTopModule([10 x i8]* @matrixmul_str) nounwind"   --->   Operation 10 'spectopmodule' <Predicate = true> <Delay = 0.00>
ST_1 : Operation 11 [1/1] (1.66ns)   --->   "br label %1" [matrix_mult/matrixmul.cpp:9]   --->   Operation 11 'br' <Predicate = true> <Delay = 1.66>

State 2 <SV = 1> <Delay = 1.77>
ST_2 : Operation 12 [1/1] (0.00ns)   --->   "%i_0 = phi i2 [ 0, %0 ], [ %i, %Row_end ]"   --->   Operation 12 'phi' 'i_0' <Predicate = true> <Delay = 0.00>
ST_2 : Operation 13 [1/1] (0.93ns)   --->   "%icmp_ln9 = icmp eq i2 %i_0, -1" [matrix_mult/matrixmul.cpp:9]   --->   Operation 13 'icmp' 'icmp_ln9' <Predicate = true> <Delay = 0.93> <Core = "Cmp">   --->   Core 25 'Cmp' <Latency = 0> <II = 1> <Delay = 0.93> <FuncUnit> <Opcode : 'icmp'> <InPorts = 2> <OutPorts = 1>
ST_2 : Operation 14 [1/1] (0.00ns)   --->   "%empty = call i32 (...)* @_ssdm_op_SpecLoopTripCount(i64 3, i64 3, i64 3) nounwind"   --->   Operation 14 'speclooptripcount' 'empty' <Predicate = true> <Delay = 0.00>
ST_2 : Operation 15 [1/1] (1.58ns)   --->   "%i = add i2 %i_0, 1" [matrix_mult/matrixmul.cpp:9]   --->   Operation 15 'add' 'i' <Predicate = true> <Delay = 1.58> <Core = "AddSub">   --->   Core 14 'AddSub' <Latency = 0> <II = 1> <Delay = 1.86> <FuncUnit> <Opcode : 'add' 'sub'> <InPorts = 2> <OutPorts = 1>
ST_2 : Operation 16 [1/1] (0.00ns)   --->   "br i1 %icmp_ln9, label %5, label %Row_begin" [matrix_mult/matrixmul.cpp:9]   --->   Operation 16 'br' <Predicate = true> <Delay = 0.00>
ST_2 : Operation 17 [1/1] (0.00ns)   --->   "call void (...)* @_ssdm_op_SpecLoopName([4 x i8]* @p_str) nounwind" [matrix_mult/matrixmul.cpp:9]   --->   Operation 17 'specloopname' <Predicate = (!icmp_ln9)> <Delay = 0.00>
ST_2 : Operation 18 [1/1] (0.00ns)   --->   "%tmp = call i32 (...)* @_ssdm_op_SpecRegionBegin([4 x i8]* @p_str) nounwind" [matrix_mult/matrixmul.cpp:9]   --->   Operation 18 'specregionbegin' 'tmp' <Predicate = (!icmp_ln9)> <Delay = 0.00>
ST_2 : Operation 19 [1/1] (0.00ns)   --->   "%zext_ln15 = zext i2 %i_0 to i5" [matrix_mult/matrixmul.cpp:15]   --->   Operation 19 'zext' 'zext_ln15' <Predicate = (!icmp_ln9)> <Delay = 0.00>
ST_2 : Operation 20 [1/1] (0.00ns)   --->   "%tmp_2 = call i4 @_ssdm_op_BitConcatenate.i4.i2.i2(i2 %i_0, i2 0)" [matrix_mult/matrixmul.cpp:15]   --->   Operation 20 'bitconcatenate' 'tmp_2' <Predicate = (!icmp_ln9)> <Delay = 0.00>
ST_2 : Operation 21 [1/1] (0.00ns)   --->   "%zext_ln15_1 = zext i4 %tmp_2 to i5" [matrix_mult/matrixmul.cpp:15]   --->   Operation 21 'zext' 'zext_ln15_1' <Predicate = (!icmp_ln9)> <Delay = 0.00>
ST_2 : Operation 22 [1/1] (1.77ns)   --->   "%sub_ln15 = sub i5 %zext_ln15_1, %zext_ln15" [matrix_mult/matrixmul.cpp:15]   --->   Operation 22 'sub' 'sub_ln15' <Predicate = (!icmp_ln9)> <Delay = 1.77> <Core = "AddSub">   --->   Core 14 'AddSub' <Latency = 0> <II = 1> <Delay = 1.86> <FuncUnit> <Opcode : 'add' 'sub'> <InPorts = 2> <OutPorts = 1>
ST_2 : Operation 23 [1/1] (1.66ns)   --->   "br label %2" [matrix_mult/matrixmul.cpp:11]   --->   Operation 23 'br' <Predicate = (!icmp_ln9)> <Delay = 1.66>
ST_2 : Operation 24 [1/1] (0.00ns)   --->   "ret void" [matrix_mult/matrixmul.cpp:19]   --->   Operation 24 'ret' <Predicate = (icmp_ln9)> <Delay = 0.00>

State 3 <SV = 2> <Delay = 1.86>
ST_3 : Operation 25 [1/1] (0.00ns)   --->   "%j_0 = phi i2 [ 0, %Row_begin ], [ %j, %Col_end ]"   --->   Operation 25 'phi' 'j_0' <Predicate = true> <Delay = 0.00>
ST_3 : Operation 26 [1/1] (0.93ns)   --->   "%icmp_ln11 = icmp eq i2 %j_0, -1" [matrix_mult/matrixmul.cpp:11]   --->   Operation 26 'icmp' 'icmp_ln11' <Predicate = true> <Delay = 0.93> <Core = "Cmp">   --->   Core 25 'Cmp' <Latency = 0> <II = 1> <Delay = 0.93> <FuncUnit> <Opcode : 'icmp'> <InPorts = 2> <OutPorts = 1>
ST_3 : Operation 27 [1/1] (0.00ns)   --->   "%empty_2 = call i32 (...)* @_ssdm_op_SpecLoopTripCount(i64 3, i64 3, i64 3) nounwind"   --->   Operation 27 'speclooptripcount' 'empty_2' <Predicate = true> <Delay = 0.00>
ST_3 : Operation 28 [1/1] (1.58ns)   --->   "%j = add i2 %j_0, 1" [matrix_mult/matrixmul.cpp:11]   --->   Operation 28 'add' 'j' <Predicate = true> <Delay = 1.58> <Core = "AddSub">   --->   Core 14 'AddSub' <Latency = 0> <II = 1> <Delay = 1.86> <FuncUnit> <Opcode : 'add' 'sub'> <InPorts = 2> <OutPorts = 1>
ST_3 : Operation 29 [1/1] (0.00ns)   --->   "br i1 %icmp_ln11, label %Row_end, label %Col_begin" [matrix_mult/matrixmul.cpp:11]   --->   Operation 29 'br' <Predicate = true> <Delay = 0.00>
ST_3 : Operation 30 [1/1] (0.00ns)   --->   "call void (...)* @_ssdm_op_SpecLoopName([4 x i8]* @p_str1) nounwind" [matrix_mult/matrixmul.cpp:11]   --->   Operation 30 'specloopname' <Predicate = (!icmp_ln11)> <Delay = 0.00>
ST_3 : Operation 31 [1/1] (0.00ns)   --->   "%tmp_1 = call i32 (...)* @_ssdm_op_SpecRegionBegin([4 x i8]* @p_str1) nounwind" [matrix_mult/matrixmul.cpp:11]   --->   Operation 31 'specregionbegin' 'tmp_1' <Predicate = (!icmp_ln11)> <Delay = 0.00>
ST_3 : Operation 32 [1/1] (0.00ns)   --->   "%zext_ln13 = zext i2 %j_0 to i5" [matrix_mult/matrixmul.cpp:13]   --->   Operation 32 'zext' 'zext_ln13' <Predicate = (!icmp_ln11)> <Delay = 0.00>
ST_3 : Operation 33 [1/1] (1.86ns)   --->   "%add_ln13 = add i5 %sub_ln15, %zext_ln13" [matrix_mult/matrixmul.cpp:13]   --->   Operation 33 'add' 'add_ln13' <Predicate = (!icmp_ln11)> <Delay = 1.86> <Core = "AddSub">   --->   Core 14 'AddSub' <Latency = 0> <II = 1> <Delay = 1.86> <FuncUnit> <Opcode : 'add' 'sub'> <InPorts = 2> <OutPorts = 1>
ST_3 : Operation 34 [1/1] (0.00ns)   --->   "%sext_ln13 = sext i5 %add_ln13 to i64" [matrix_mult/matrixmul.cpp:13]   --->   Operation 34 'sext' 'sext_ln13' <Predicate = (!icmp_ln11)> <Delay = 0.00>
ST_3 : Operation 35 [1/1] (0.00ns)   --->   "%res_addr = getelementptr [9 x i16]* %res, i64 0, i64 %sext_ln13" [matrix_mult/matrixmul.cpp:13]   --->   Operation 35 'getelementptr' 'res_addr' <Predicate = (!icmp_ln11)> <Delay = 0.00>
ST_3 : Operation 36 [1/1] (1.66ns)   --->   "br label %3" [matrix_mult/matrixmul.cpp:14]   --->   Operation 36 'br' <Predicate = (!icmp_ln11)> <Delay = 1.66>
ST_3 : Operation 37 [1/1] (0.00ns)   --->   "%empty_5 = call i32 (...)* @_ssdm_op_SpecRegionEnd([4 x i8]* @p_str, i32 %tmp) nounwind" [matrix_mult/matrixmul.cpp:18]   --->   Operation 37 'specregionend' 'empty_5' <Predicate = (icmp_ln11)> <Delay = 0.00>
ST_3 : Operation 38 [1/1] (0.00ns)   --->   "br label %1" [matrix_mult/matrixmul.cpp:9]   --->   Operation 38 'br' <Predicate = (icmp_ln11)> <Delay = 0.00>

State 4 <SV = 3> <Delay = 5.43>
ST_4 : Operation 39 [1/1] (0.00ns)   --->   "%res_load = phi i16 [ 0, %Col_begin ], [ %add_ln15, %4 ]" [matrix_mult/matrixmul.cpp:15]   --->   Operation 39 'phi' 'res_load' <Predicate = true> <Delay = 0.00>
ST_4 : Operation 40 [1/1] (0.00ns)   --->   "%k_0 = phi i2 [ 0, %Col_begin ], [ %k, %4 ]"   --->   Operation 40 'phi' 'k_0' <Predicate = true> <Delay = 0.00>
ST_4 : Operation 41 [1/1] (2.15ns)   --->   "store i16 %res_load, i16* %res_addr, align 2" [matrix_mult/matrixmul.cpp:15]   --->   Operation 41 'store' <Predicate = true> <Delay = 2.15> <Core = "RAM">   --->   Core 37 'RAM' <Latency = 1> <II = 1> <Delay = 2.15> <Storage> <Opcode : 'load' 'store'> <Ports = 2> <Width = 8> <Depth = 9> <RAM>
ST_4 : Operation 42 [1/1] (0.93ns)   --->   "%icmp_ln14 = icmp eq i2 %k_0, -1" [matrix_mult/matrixmul.cpp:14]   --->   Operation 42 'icmp' 'icmp_ln14' <Predicate = true> <Delay = 0.93> <Core = "Cmp">   --->   Core 25 'Cmp' <Latency = 0> <II = 1> <Delay = 0.93> <FuncUnit> <Opcode : 'icmp'> <InPorts = 2> <OutPorts = 1>
ST_4 : Operation 43 [1/1] (0.00ns)   --->   "%empty_3 = call i32 (...)* @_ssdm_op_SpecLoopTripCount(i64 3, i64 3, i64 3) nounwind"   --->   Operation 43 'speclooptripcount' 'empty_3' <Predicate = true> <Delay = 0.00>
ST_4 : Operation 44 [1/1] (1.58ns)   --->   "%k = add i2 %k_0, 1" [matrix_mult/matrixmul.cpp:14]   --->   Operation 44 'add' 'k' <Predicate = true> <Delay = 1.58> <Core = "AddSub">   --->   Core 14 'AddSub' <Latency = 0> <II = 1> <Delay = 1.86> <FuncUnit> <Opcode : 'add' 'sub'> <InPorts = 2> <OutPorts = 1>
ST_4 : Operation 45 [1/1] (0.00ns)   --->   "br i1 %icmp_ln14, label %Col_end, label %4" [matrix_mult/matrixmul.cpp:14]   --->   Operation 45 'br' <Predicate = true> <Delay = 0.00>
ST_4 : Operation 46 [1/1] (0.00ns)   --->   "%zext_ln15_2 = zext i2 %k_0 to i5" [matrix_mult/matrixmul.cpp:15]   --->   Operation 46 'zext' 'zext_ln15_2' <Predicate = (!icmp_ln14)> <Delay = 0.00>
ST_4 : Operation 47 [1/1] (1.86ns)   --->   "%add_ln15_1 = add i5 %sub_ln15, %zext_ln15_2" [matrix_mult/matrixmul.cpp:15]   --->   Operation 47 'add' 'add_ln15_1' <Predicate = (!icmp_ln14)> <Delay = 1.86> <Core = "AddSub">   --->   Core 14 'AddSub' <Latency = 0> <II = 1> <Delay = 1.86> <FuncUnit> <Opcode : 'add' 'sub'> <InPorts = 2> <OutPorts = 1>
ST_4 : Operation 48 [1/1] (0.00ns)   --->   "%sext_ln15_2 = sext i5 %add_ln15_1 to i64" [matrix_mult/matrixmul.cpp:15]   --->   Operation 48 'sext' 'sext_ln15_2' <Predicate = (!icmp_ln14)> <Delay = 0.00>
ST_4 : Operation 49 [1/1] (0.00ns)   --->   "%a_addr = getelementptr [9 x i8]* %a, i64 0, i64 %sext_ln15_2" [matrix_mult/matrixmul.cpp:15]   --->   Operation 49 'getelementptr' 'a_addr' <Predicate = (!icmp_ln14)> <Delay = 0.00>
ST_4 : Operation 50 [1/1] (0.00ns)   --->   "%tmp_3 = call i4 @_ssdm_op_BitConcatenate.i4.i2.i2(i2 %k_0, i2 0)" [matrix_mult/matrixmul.cpp:15]   --->   Operation 50 'bitconcatenate' 'tmp_3' <Predicate = (!icmp_ln14)> <Delay = 0.00>
ST_4 : Operation 51 [1/1] (0.00ns)   --->   "%zext_ln15_3 = zext i4 %tmp_3 to i5" [matrix_mult/matrixmul.cpp:15]   --->   Operation 51 'zext' 'zext_ln15_3' <Predicate = (!icmp_ln14)> <Delay = 0.00>
ST_4 : Operation 52 [1/1] (0.00ns) (grouped into TernaryAdder)   --->   "%sub_ln15_1 = sub i5 %zext_ln15_3, %zext_ln15_2" [matrix_mult/matrixmul.cpp:15]   --->   Operation 52 'sub' 'sub_ln15_1' <Predicate = (!icmp_ln14)> <Delay = 0.00> <Core = "TAddSub">   --->   Core 83 'TAddSub' <Latency = 0> <II = 1> <Delay = 1.63> <IPBlock> <Opcode : 'add' 'sub'> <InPorts = 3> <OutPorts = 1> <Sync> <CReg>
ST_4 : Operation 53 [1/1] (3.27ns) (root node of TernaryAdder)   --->   "%add_ln15_2 = add i5 %sub_ln15_1, %zext_ln13" [matrix_mult/matrixmul.cpp:15]   --->   Operation 53 'add' 'add_ln15_2' <Predicate = (!icmp_ln14)> <Delay = 3.27> <Core = "TAddSub">   --->   Core 83 'TAddSub' <Latency = 0> <II = 1> <Delay = 1.63> <IPBlock> <Opcode : 'add' 'sub'> <InPorts = 3> <OutPorts = 1> <Sync> <CReg>
ST_4 : Operation 54 [1/1] (0.00ns)   --->   "%sext_ln15_3 = sext i5 %add_ln15_2 to i64" [matrix_mult/matrixmul.cpp:15]   --->   Operation 54 'sext' 'sext_ln15_3' <Predicate = (!icmp_ln14)> <Delay = 0.00>
ST_4 : Operation 55 [1/1] (0.00ns)   --->   "%b_addr = getelementptr [9 x i8]* %b, i64 0, i64 %sext_ln15_3" [matrix_mult/matrixmul.cpp:15]   --->   Operation 55 'getelementptr' 'b_addr' <Predicate = (!icmp_ln14)> <Delay = 0.00>
ST_4 : Operation 56 [2/2] (2.15ns)   --->   "%a_load = load i8* %a_addr, align 1" [matrix_mult/matrixmul.cpp:15]   --->   Operation 56 'load' 'a_load' <Predicate = (!icmp_ln14)> <Delay = 2.15> <Core = "RAM">   --->   Core 37 'RAM' <Latency = 1> <II = 1> <Delay = 2.15> <Storage> <Opcode : 'load' 'store'> <Ports = 2> <Width = 8> <Depth = 9> <RAM>
ST_4 : Operation 57 [2/2] (2.15ns)   --->   "%b_load = load i8* %b_addr, align 1" [matrix_mult/matrixmul.cpp:15]   --->   Operation 57 'load' 'b_load' <Predicate = (!icmp_ln14)> <Delay = 2.15> <Core = "RAM">   --->   Core 37 'RAM' <Latency = 1> <II = 1> <Delay = 2.15> <Storage> <Opcode : 'load' 'store'> <Ports = 2> <Width = 8> <Depth = 9> <RAM>
ST_4 : Operation 58 [1/1] (0.00ns)   --->   "%empty_4 = call i32 (...)* @_ssdm_op_SpecRegionEnd([4 x i8]* @p_str1, i32 %tmp_1) nounwind" [matrix_mult/matrixmul.cpp:17]   --->   Operation 58 'specregionend' 'empty_4' <Predicate = (icmp_ln14)> <Delay = 0.00>
ST_4 : Operation 59 [1/1] (0.00ns)   --->   "br label %2" [matrix_mult/matrixmul.cpp:11]   --->   Operation 59 'br' <Predicate = (icmp_ln14)> <Delay = 0.00>

State 5 <SV = 4> <Delay = 2.15>
ST_5 : Operation 60 [1/2] (2.15ns)   --->   "%a_load = load i8* %a_addr, align 1" [matrix_mult/matrixmul.cpp:15]   --->   Operation 60 'load' 'a_load' <Predicate = true> <Delay = 2.15> <Core = "RAM">   --->   Core 37 'RAM' <Latency = 1> <II = 1> <Delay = 2.15> <Storage> <Opcode : 'load' 'store'> <Ports = 2> <Width = 8> <Depth = 9> <RAM>
ST_5 : Operation 61 [1/2] (2.15ns)   --->   "%b_load = load i8* %b_addr, align 1" [matrix_mult/matrixmul.cpp:15]   --->   Operation 61 'load' 'b_load' <Predicate = true> <Delay = 2.15> <Core = "RAM">   --->   Core 37 'RAM' <Latency = 1> <II = 1> <Delay = 2.15> <Storage> <Opcode : 'load' 'store'> <Ports = 2> <Width = 8> <Depth = 9> <RAM>

State 6 <SV = 5> <Delay = 7.18>
ST_6 : Operation 62 [1/1] (0.00ns)   --->   "call void (...)* @_ssdm_op_SpecLoopName([8 x i8]* @p_str2) nounwind" [matrix_mult/matrixmul.cpp:14]   --->   Operation 62 'specloopname' <Predicate = true> <Delay = 0.00>
ST_6 : Operation 63 [1/1] (0.00ns)   --->   "%sext_ln15 = sext i8 %a_load to i16" [matrix_mult/matrixmul.cpp:15]   --->   Operation 63 'sext' 'sext_ln15' <Predicate = true> <Delay = 0.00>
ST_6 : Operation 64 [1/1] (0.00ns)   --->   "%sext_ln15_1 = sext i8 %b_load to i16" [matrix_mult/matrixmul.cpp:15]   --->   Operation 64 'sext' 'sext_ln15_1' <Predicate = true> <Delay = 0.00>
ST_6 : Operation 65 [1/1] (3.36ns) (grouped into DSP with root node add_ln15)   --->   "%mul_ln15 = mul i16 %sext_ln15_1, %sext_ln15" [matrix_mult/matrixmul.cpp:15]   --->   Operation 65 'mul' 'mul_ln15' <Predicate = true> <Delay = 3.36> <Core = "DSP48">   --->   Core 88 'DSP48' <Latency = 0> <II = 1> <Delay = 7.18> <IPBlock> <Opcode : 'mul' 'add' 'sub' 'select'> <InPorts = 0> <OutPorts = 1> <Sync> <CReg>
ST_6 : Operation 66 [1/1] (3.82ns) (root node of the DSP)   --->   "%add_ln15 = add i16 %mul_ln15, %res_load" [matrix_mult/matrixmul.cpp:15]   --->   Operation 66 'add' 'add_ln15' <Predicate = true> <Delay = 3.82> <Core = "DSP48">   --->   Core 88 'DSP48' <Latency = 0> <II = 1> <Delay = 7.18> <IPBlock> <Opcode : 'mul' 'add' 'sub' 'select'> <InPorts = 0> <OutPorts = 1> <Sync> <CReg>
ST_6 : Operation 67 [1/1] (0.00ns)   --->   "br label %3" [matrix_mult/matrixmul.cpp:14]   --->   Operation 67 'br' <Predicate = true> <Delay = 0.00>


============================================================
+ Verbose Summary: Binding
============================================================
STG Binding: 
---------------- STG Properties BEGIN ----------------
- Is combinational: 0
- Is one-state seq: 0
- Is datapath-only: 0
- Is pipelined: 0
- Is top level: 1
Port [ Return ] is wired: 1; IO mode=ap_ctrl_hs:ce=0
Port [ a]:  wired=1; compound=1; hidden=0; nouse=0; global=0; static=0; extern=0; dir=0; type=1; pingpong=0; private_global=0; MemPort=[13]; IO mode=ap_memory:ce=0
Port [ b]:  wired=1; compound=1; hidden=0; nouse=0; global=0; static=0; extern=0; dir=0; type=1; pingpong=0; private_global=0; MemPort=[13]; IO mode=ap_memory:ce=0
Port [ res]:  wired=1; compound=1; hidden=0; nouse=0; global=0; static=0; extern=0; dir=1; type=1; pingpong=0; private_global=0; MemPort=[03]; IO mode=ap_memory:ce=0
---------------- STG Properties END ------------------

---------------- Datapath Model BEGIN ----------------

<LifeTime>
<method=bitvector/>
specbitsmap_ln0   (specbitsmap      ) [ 0000000]
specbitsmap_ln0   (specbitsmap      ) [ 0000000]
specbitsmap_ln0   (specbitsmap      ) [ 0000000]
spectopmodule_ln0 (spectopmodule    ) [ 0000000]
br_ln9            (br               ) [ 0111111]
i_0               (phi              ) [ 0010000]
icmp_ln9          (icmp             ) [ 0011111]
empty             (speclooptripcount) [ 0000000]
i                 (add              ) [ 0111111]
br_ln9            (br               ) [ 0000000]
specloopname_ln9  (specloopname     ) [ 0000000]
tmp               (specregionbegin  ) [ 0001111]
zext_ln15         (zext             ) [ 0000000]
tmp_2             (bitconcatenate   ) [ 0000000]
zext_ln15_1       (zext             ) [ 0000000]
sub_ln15          (sub              ) [ 0001111]
br_ln11           (br               ) [ 0011111]
ret_ln19          (ret              ) [ 0000000]
j_0               (phi              ) [ 0001000]
icmp_ln11         (icmp             ) [ 0011111]
empty_2           (speclooptripcount) [ 0000000]
j                 (add              ) [ 0011111]
br_ln11           (br               ) [ 0000000]
specloopname_ln11 (specloopname     ) [ 0000000]
tmp_1             (specregionbegin  ) [ 0000111]
zext_ln13         (zext             ) [ 0000111]
add_ln13          (add              ) [ 0000000]
sext_ln13         (sext             ) [ 0000000]
res_addr          (getelementptr    ) [ 0000111]
br_ln14           (br               ) [ 0011111]
empty_5           (specregionend    ) [ 0000000]
br_ln9            (br               ) [ 0111111]
res_load          (phi              ) [ 0000111]
k_0               (phi              ) [ 0000100]
store_ln15        (store            ) [ 0000000]
icmp_ln14         (icmp             ) [ 0011111]
empty_3           (speclooptripcount) [ 0000000]
k                 (add              ) [ 0011111]
br_ln14           (br               ) [ 0000000]
zext_ln15_2       (zext             ) [ 0000000]
add_ln15_1        (add              ) [ 0000000]
sext_ln15_2       (sext             ) [ 0000000]
a_addr            (getelementptr    ) [ 0000010]
tmp_3             (bitconcatenate   ) [ 0000000]
zext_ln15_3       (zext             ) [ 0000000]
sub_ln15_1        (sub              ) [ 0000000]
add_ln15_2        (add              ) [ 0000000]
sext_ln15_3       (sext             ) [ 0000000]
b_addr            (getelementptr    ) [ 0000010]
empty_4           (specregionend    ) [ 0000000]
br_ln11           (br               ) [ 0011111]
a_load            (load             ) [ 0000001]
b_load            (load             ) [ 0000001]
specloopname_ln14 (specloopname     ) [ 0000000]
sext_ln15         (sext             ) [ 0000000]
sext_ln15_1       (sext             ) [ 0000000]
mul_ln15          (mul              ) [ 0000000]
add_ln15          (add              ) [ 0011111]
br_ln14           (br               ) [ 0011111]
</LifeTime>

<model>

<comp_list>
<comp id="0" class="1000" name="a">
<pin_list>
<pin id="1" dir="1" index="0" bw="1" slack="0"/>
</pin_list>
<bind>
<StgValue><ssdm name="a"/><MemPortTyVec>1 3 </MemPortTyVec>
</StgValue>
</bind>
</comp>

<comp id="2" class="1000" name="b">
<pin_list>
<pin id="3" dir="1" index="0" bw="1" slack="0"/>
</pin_list>
<bind>
<StgValue><ssdm name="b"/><MemPortTyVec>1 3 </MemPortTyVec>
</StgValue>
</bind>
</comp>

<comp id="4" class="1000" name="res">
<pin_list>
<pin id="5" dir="1" index="0" bw="1" slack="0"/>
</pin_list>
<bind>
<StgValue><ssdm name="res"/><MemPortTyVec>0 3 </MemPortTyVec>
</StgValue>
</bind>
</comp>

<comp id="6" class="1001" name="const_6">
<pin_list>
<pin id="7" dir="1" index="0" bw="1" slack="2147483647"/>
</pin_list>
<bind>
<StgValue><ssdm name="_ssdm_op_SpecBitsMap"/></StgValue>
</bind>
</comp>

<comp id="8" class="1001" name="const_8">
<pin_list>
<pin id="9" dir="1" index="0" bw="1" slack="2147483647"/>
</pin_list>
<bind>
<StgValue><ssdm name="_ssdm_op_SpecTopModule"/></StgValue>
</bind>
</comp>

<comp id="10" class="1001" name="const_10">
<pin_list>
<pin id="11" dir="1" index="0" bw="1" slack="2147483647"/>
</pin_list>
<bind>
<StgValue><ssdm name="matrixmul_str"/></StgValue>
</bind>
</comp>

<comp id="12" class="1001" name="const_12">
<pin_list>
<pin id="13" dir="1" index="0" bw="1" slack="0"/>
</pin_list>
<bind>
<StgValue><ssdm name=""/></StgValue>
</bind>
</comp>

<comp id="14" class="1001" name="const_14">
<pin_list>
<pin id="15" dir="1" index="0" bw="1" slack="0"/>
</pin_list>
<bind>
<StgValue><ssdm name=""/></StgValue>
</bind>
</comp>

<comp id="16" class="1001" name="const_16">
<pin_list>
<pin id="17" dir="1" index="0" bw="1" slack="2147483647"/>
</pin_list>
<bind>
<StgValue><ssdm name="_ssdm_op_SpecLoopTripCount"/></StgValue>
</bind>
</comp>

<comp id="18" class="1001" name="const_18">
<pin_list>
<pin id="19" dir="1" index="0" bw="1" slack="2147483647"/>
</pin_list>
<bind>
<StgValue><ssdm name=""/></StgValue>
</bind>
</comp>

<comp id="20" class="1001" name="const_20">
<pin_list>
<pin id="21" dir="1" index="0" bw="1" slack="0"/>
</pin_list>
<bind>
<StgValue><ssdm name=""/></StgValue>
</bind>
</comp>

<comp id="22" class="1001" name="const_22">
<pin_list>
<pin id="23" dir="1" index="0" bw="1" slack="2147483647"/>
</pin_list>
<bind>
<StgValue><ssdm name="_ssdm_op_SpecLoopName"/></StgValue>
</bind>
</comp>

<comp id="24" class="1001" name="const_24">
<pin_list>
<pin id="25" dir="1" index="0" bw="1" slack="2147483647"/>
</pin_list>
<bind>
<StgValue><ssdm name="p_str"/></StgValue>
</bind>
</comp>

<comp id="26" class="1001" name="const_26">
<pin_list>
<pin id="27" dir="1" index="0" bw="1" slack="2147483647"/>
</pin_list>
<bind>
<StgValue><ssdm name="_ssdm_op_SpecRegionBegin"/></StgValue>
</bind>
</comp>

<comp id="28" class="1001" name="const_28">
<pin_list>
<pin id="29" dir="1" index="0" bw="1" slack="0"/>
</pin_list>
<bind>
<StgValue><ssdm name="_ssdm_op_BitConcatenate.i4.i2.i2"/></StgValue>
</bind>
</comp>

<comp id="30" class="1001" name="const_30">
<pin_list>
<pin id="31" dir="1" index="0" bw="1" slack="2147483647"/>
</pin_list>
<bind>
<StgValue><ssdm name="p_str1"/></StgValue>
</bind>
</comp>

<comp id="32" class="1001" name="const_32">
<pin_list>
<pin id="33" dir="1" index="0" bw="1" slack="0"/>
</pin_list>
<bind>
<StgValue><ssdm name=""/></StgValue>
</bind>
</comp>

<comp id="34" class="1001" name="const_34">
<pin_list>
<pin id="35" dir="1" index="0" bw="1" slack="2147483647"/>
</pin_list>
<bind>
<StgValue><ssdm name="_ssdm_op_SpecRegionEnd"/></StgValue>
</bind>
</comp>

<comp id="36" class="1001" name="const_36">
<pin_list>
<pin id="37" dir="1" index="0" bw="1" slack="1"/>
</pin_list>
<bind>
<StgValue><ssdm name=""/></StgValue>
</bind>
</comp>

<comp id="38" class="1001" name="const_38">
<pin_list>
<pin id="39" dir="1" index="0" bw="1" slack="2147483647"/>
</pin_list>
<bind>
<StgValue><ssdm name="p_str2"/></StgValue>
</bind>
</comp>

<comp id="40" class="1004" name="res_addr_gep_fu_40">
<pin_list>
<pin id="41" dir="0" index="0" bw="16" slack="0"/>
<pin id="42" dir="0" index="1" bw="1" slack="0"/>
<pin id="43" dir="0" index="2" bw="5" slack="0"/>
<pin id="44" dir="1" index="3" bw="4" slack="1"/>
</pin_list>
<bind>
<opcode="getelementptr(29) " fcode="getelementptr"/>
<opset="res_addr/3 "/>
</bind>
</comp>

<comp id="47" class="1004" name="store_ln15_access_fu_47">
<pin_list>
<pin id="48" dir="0" index="0" bw="4" slack="1"/>
<pin id="49" dir="0" index="1" bw="16" slack="0"/>
<pin id="50" dir="0" index="2" bw="0" slack="2147483647"/>
<pin id="51" dir="1" index="3" bw="16" slack="2147483647"/>
</pin_list>
<bind>
<opcode="store(28) " fcode="store"/>
<opset="store_ln15/4 "/>
</bind>
</comp>

<comp id="52" class="1004" name="a_addr_gep_fu_52">
<pin_list>
<pin id="53" dir="0" index="0" bw="8" slack="0"/>
<pin id="54" dir="0" index="1" bw="1" slack="0"/>
<pin id="55" dir="0" index="2" bw="5" slack="0"/>
<pin id="56" dir="1" index="3" bw="4" slack="0"/>
</pin_list>
<bind>
<opcode="getelementptr(29) " fcode="getelementptr"/>
<opset="a_addr/4 "/>
</bind>
</comp>

<comp id="59" class="1004" name="b_addr_gep_fu_59">
<pin_list>
<pin id="60" dir="0" index="0" bw="8" slack="0"/>
<pin id="61" dir="0" index="1" bw="1" slack="0"/>
<pin id="62" dir="0" index="2" bw="5" slack="0"/>
<pin id="63" dir="1" index="3" bw="4" slack="0"/>
</pin_list>
<bind>
<opcode="getelementptr(29) " fcode="getelementptr"/>
<opset="b_addr/4 "/>
</bind>
</comp>

<comp id="66" class="1004" name="grp_access_fu_66">
<pin_list>
<pin id="67" dir="0" index="0" bw="4" slack="0"/>
<pin id="68" dir="0" index="1" bw="8" slack="2147483647"/>
<pin id="69" dir="0" index="2" bw="0" slack="2147483647"/>
<pin id="70" dir="1" index="3" bw="8" slack="1"/>
</pin_list>
<bind>
<opcode="load(27) " fcode="load"/>
<opset="a_load/4 "/>
</bind>
</comp>

<comp id="72" class="1004" name="grp_access_fu_72">
<pin_list>
<pin id="73" dir="0" index="0" bw="4" slack="0"/>
<pin id="74" dir="0" index="1" bw="8" slack="2147483647"/>
<pin id="75" dir="0" index="2" bw="0" slack="2147483647"/>
<pin id="76" dir="1" index="3" bw="8" slack="1"/>
</pin_list>
<bind>
<opcode="load(27) " fcode="load"/>
<opset="b_load/4 "/>
</bind>
</comp>

<comp id="78" class="1005" name="i_0_reg_78">
<pin_list>
<pin id="79" dir="0" index="0" bw="2" slack="1"/>
<pin id="80" dir="1" index="1" bw="2" slack="1"/>
</pin_list>
<bind>
<opset="i_0 (phireg) "/>
</bind>
</comp>

<comp id="82" class="1004" name="i_0_phi_fu_82">
<pin_list>
<pin id="83" dir="0" index="0" bw="1" slack="1"/>
<pin id="84" dir="0" index="1" bw="0" slack="2147483647"/>
<pin id="85" dir="0" index="2" bw="2" slack="0"/>
<pin id="86" dir="0" index="3" bw="0" slack="2147483647"/>
<pin id="87" dir="1" index="4" bw="2" slack="0"/>
</pin_list>
<bind>
<opcode="phi(47) " fcode="phi"/>
<opset="i_0/2 "/>
</bind>
</comp>

<comp id="89" class="1005" name="j_0_reg_89">
<pin_list>
<pin id="90" dir="0" index="0" bw="2" slack="1"/>
<pin id="91" dir="1" index="1" bw="2" slack="1"/>
</pin_list>
<bind>
<opset="j_0 (phireg) "/>
</bind>
</comp>

<comp id="93" class="1004" name="j_0_phi_fu_93">
<pin_list>
<pin id="94" dir="0" index="0" bw="1" slack="1"/>
<pin id="95" dir="0" index="1" bw="0" slack="2147483647"/>
<pin id="96" dir="0" index="2" bw="2" slack="0"/>
<pin id="97" dir="0" index="3" bw="0" slack="2147483647"/>
<pin id="98" dir="1" index="4" bw="2" slack="0"/>
</pin_list>
<bind>
<opcode="phi(47) " fcode="phi"/>
<opset="j_0/3 "/>
</bind>
</comp>

<comp id="100" class="1005" name="res_load_reg_100">
<pin_list>
<pin id="101" dir="0" index="0" bw="16" slack="1"/>
<pin id="102" dir="1" index="1" bw="16" slack="1"/>
</pin_list>
<bind>
<opset="res_load (phireg) "/>
</bind>
</comp>

<comp id="104" class="1004" name="res_load_phi_fu_104">
<pin_list>
<pin id="105" dir="0" index="0" bw="1" slack="1"/>
<pin id="106" dir="0" index="1" bw="0" slack="2147483647"/>
<pin id="107" dir="0" index="2" bw="16" slack="1"/>
<pin id="108" dir="0" index="3" bw="0" slack="2147483647"/>
<pin id="109" dir="1" index="4" bw="16" slack="0"/>
</pin_list>
<bind>
<opcode="phi(47) " fcode="phi"/>
<opset="res_load/4 "/>
</bind>
</comp>

<comp id="113" class="1005" name="k_0_reg_113">
<pin_list>
<pin id="114" dir="0" index="0" bw="2" slack="1"/>
<pin id="115" dir="1" index="1" bw="2" slack="1"/>
</pin_list>
<bind>
<opset="k_0 (phireg) "/>
</bind>
</comp>

<comp id="117" class="1004" name="k_0_phi_fu_117">
<pin_list>
<pin id="118" dir="0" index="0" bw="1" slack="1"/>
<pin id="119" dir="0" index="1" bw="0" slack="2147483647"/>
<pin id="120" dir="0" index="2" bw="2" slack="0"/>
<pin id="121" dir="0" index="3" bw="0" slack="2147483647"/>
<pin id="122" dir="1" index="4" bw="2" slack="0"/>
</pin_list>
<bind>
<opcode="phi(47) " fcode="phi"/>
<opset="k_0/4 "/>
</bind>
</comp>

<comp id="124" class="1004" name="icmp_ln9_fu_124">
<pin_list>
<pin id="125" dir="0" index="0" bw="2" slack="0"/>
<pin id="126" dir="0" index="1" bw="2" slack="0"/>
<pin id="127" dir="1" index="2" bw="1" slack="2147483647"/>
</pin_list>
<bind>
<opcode="icmp(45) " fcode="icmp"/>
<opset="icmp_ln9/2 "/>
</bind>
</comp>

<comp id="130" class="1004" name="i_fu_130">
<pin_list>
<pin id="131" dir="0" index="0" bw="2" slack="0"/>
<pin id="132" dir="0" index="1" bw="1" slack="0"/>
<pin id="133" dir="1" index="2" bw="2" slack="0"/>
</pin_list>
<bind>
<opcode="add(8) " fcode="add"/>
<opset="i/2 "/>
</bind>
</comp>

<comp id="136" class="1004" name="zext_ln15_fu_136">
<pin_list>
<pin id="137" dir="0" index="0" bw="2" slack="0"/>
<pin id="138" dir="1" index="1" bw="5" slack="0"/>
</pin_list>
<bind>
<opcode="zext(34) " fcode="zext"/>
<opset="zext_ln15/2 "/>
</bind>
</comp>

<comp id="140" class="1004" name="tmp_2_fu_140">
<pin_list>
<pin id="141" dir="0" index="0" bw="4" slack="0"/>
<pin id="142" dir="0" index="1" bw="2" slack="0"/>
<pin id="143" dir="0" index="2" bw="1" slack="0"/>
<pin id="144" dir="1" index="3" bw="4" slack="0"/>
</pin_list>
<bind>
<opcode="bitconcatenate(1004) " fcode="bitconcatenate"/>
<opset="tmp_2/2 "/>
</bind>
</comp>

<comp id="148" class="1004" name="zext_ln15_1_fu_148">
<pin_list>
<pin id="149" dir="0" index="0" bw="4" slack="0"/>
<pin id="150" dir="1" index="1" bw="5" slack="0"/>
</pin_list>
<bind>
<opcode="zext(34) " fcode="zext"/>
<opset="zext_ln15_1/2 "/>
</bind>
</comp>

<comp id="152" class="1004" name="sub_ln15_fu_152">
<pin_list>
<pin id="153" dir="0" index="0" bw="4" slack="0"/>
<pin id="154" dir="0" index="1" bw="2" slack="0"/>
<pin id="155" dir="1" index="2" bw="5" slack="1"/>
</pin_list>
<bind>
<opcode="sub(10) " fcode="sub"/>
<opset="sub_ln15/2 "/>
</bind>
</comp>

<comp id="158" class="1004" name="icmp_ln11_fu_158">
<pin_list>
<pin id="159" dir="0" index="0" bw="2" slack="0"/>
<pin id="160" dir="0" index="1" bw="2" slack="0"/>
<pin id="161" dir="1" index="2" bw="1" slack="2147483647"/>
</pin_list>
<bind>
<opcode="icmp(45) " fcode="icmp"/>
<opset="icmp_ln11/3 "/>
</bind>
</comp>

<comp id="164" class="1004" name="j_fu_164">
<pin_list>
<pin id="165" dir="0" index="0" bw="2" slack="0"/>
<pin id="166" dir="0" index="1" bw="1" slack="0"/>
<pin id="167" dir="1" index="2" bw="2" slack="0"/>
</pin_list>
<bind>
<opcode="add(8) " fcode="add"/>
<opset="j/3 "/>
</bind>
</comp>

<comp id="170" class="1004" name="zext_ln13_fu_170">
<pin_list>
<pin id="171" dir="0" index="0" bw="2" slack="0"/>
<pin id="172" dir="1" index="1" bw="5" slack="0"/>
</pin_list>
<bind>
<opcode="zext(34) " fcode="zext"/>
<opset="zext_ln13/3 "/>
</bind>
</comp>

<comp id="174" class="1004" name="add_ln13_fu_174">
<pin_list>
<pin id="175" dir="0" index="0" bw="5" slack="1"/>
<pin id="176" dir="0" index="1" bw="2" slack="0"/>
<pin id="177" dir="1" index="2" bw="5" slack="0"/>
</pin_list>
<bind>
<opcode="add(8) " fcode="add"/>
<opset="add_ln13/3 "/>
</bind>
</comp>

<comp id="179" class="1004" name="sext_ln13_fu_179">
<pin_list>
<pin id="180" dir="0" index="0" bw="5" slack="0"/>
<pin id="181" dir="1" index="1" bw="64" slack="0"/>
</pin_list>
<bind>
<opcode="sext(35) " fcode="sext"/>
<opset="sext_ln13/3 "/>
</bind>
</comp>

<comp id="184" class="1004" name="icmp_ln14_fu_184">
<pin_list>
<pin id="185" dir="0" index="0" bw="2" slack="0"/>
<pin id="186" dir="0" index="1" bw="2" slack="0"/>
<pin id="187" dir="1" index="2" bw="1" slack="2147483647"/>
</pin_list>
<bind>
<opcode="icmp(45) " fcode="icmp"/>
<opset="icmp_ln14/4 "/>
</bind>
</comp>

<comp id="190" class="1004" name="k_fu_190">
<pin_list>
<pin id="191" dir="0" index="0" bw="2" slack="0"/>
<pin id="192" dir="0" index="1" bw="1" slack="0"/>
<pin id="193" dir="1" index="2" bw="2" slack="0"/>
</pin_list>
<bind>
<opcode="add(8) " fcode="add"/>
<opset="k/4 "/>
</bind>
</comp>

<comp id="196" class="1004" name="zext_ln15_2_fu_196">
<pin_list>
<pin id="197" dir="0" index="0" bw="2" slack="0"/>
<pin id="198" dir="1" index="1" bw="5" slack="0"/>
</pin_list>
<bind>
<opcode="zext(34) " fcode="zext"/>
<opset="zext_ln15_2/4 "/>
</bind>
</comp>

<comp id="200" class="1004" name="add_ln15_1_fu_200">
<pin_list>
<pin id="201" dir="0" index="0" bw="5" slack="2"/>
<pin id="202" dir="0" index="1" bw="2" slack="0"/>
<pin id="203" dir="1" index="2" bw="5" slack="0"/>
</pin_list>
<bind>
<opcode="add(8) " fcode="add"/>
<opset="add_ln15_1/4 "/>
</bind>
</comp>

<comp id="205" class="1004" name="sext_ln15_2_fu_205">
<pin_list>
<pin id="206" dir="0" index="0" bw="5" slack="0"/>
<pin id="207" dir="1" index="1" bw="64" slack="0"/>
</pin_list>
<bind>
<opcode="sext(35) " fcode="sext"/>
<opset="sext_ln15_2/4 "/>
</bind>
</comp>

<comp id="210" class="1004" name="tmp_3_fu_210">
<pin_list>
<pin id="211" dir="0" index="0" bw="4" slack="0"/>
<pin id="212" dir="0" index="1" bw="2" slack="0"/>
<pin id="213" dir="0" index="2" bw="1" slack="0"/>
<pin id="214" dir="1" index="3" bw="4" slack="0"/>
</pin_list>
<bind>
<opcode="bitconcatenate(1004) " fcode="bitconcatenate"/>
<opset="tmp_3/4 "/>
</bind>
</comp>

<comp id="218" class="1004" name="zext_ln15_3_fu_218">
<pin_list>
<pin id="219" dir="0" index="0" bw="4" slack="0"/>
<pin id="220" dir="1" index="1" bw="5" slack="0"/>
</pin_list>
<bind>
<opcode="zext(34) " fcode="zext"/>
<opset="zext_ln15_3/4 "/>
</bind>
</comp>

<comp id="222" class="1004" name="sub_ln15_1_fu_222">
<pin_list>
<pin id="223" dir="0" index="0" bw="4" slack="0"/>
<pin id="224" dir="0" index="1" bw="2" slack="0"/>
<pin id="225" dir="1" index="2" bw="5" slack="0"/>
</pin_list>
<bind>
<opcode="sub(10) " fcode="sub"/>
<opset="sub_ln15_1/4 "/>
</bind>
</comp>

<comp id="228" class="1004" name="add_ln15_2_fu_228">
<pin_list>
<pin id="229" dir="0" index="0" bw="5" slack="0"/>
<pin id="230" dir="0" index="1" bw="2" slack="1"/>
<pin id="231" dir="1" index="2" bw="5" slack="0"/>
</pin_list>
<bind>
<opcode="add(8) " fcode="add"/>
<opset="add_ln15_2/4 "/>
</bind>
</comp>

<comp id="233" class="1004" name="sext_ln15_3_fu_233">
<pin_list>
<pin id="234" dir="0" index="0" bw="5" slack="0"/>
<pin id="235" dir="1" index="1" bw="64" slack="0"/>
</pin_list>
<bind>
<opcode="sext(35) " fcode="sext"/>
<opset="sext_ln15_3/4 "/>
</bind>
</comp>

<comp id="238" class="1004" name="sext_ln15_fu_238">
<pin_list>
<pin id="239" dir="0" index="0" bw="8" slack="1"/>
<pin id="240" dir="1" index="1" bw="16" slack="0"/>
</pin_list>
<bind>
<opcode="sext(35) " fcode="sext"/>
<opset="sext_ln15/6 "/>
</bind>
</comp>

<comp id="241" class="1004" name="sext_ln15_1_fu_241">
<pin_list>
<pin id="242" dir="0" index="0" bw="8" slack="1"/>
<pin id="243" dir="1" index="1" bw="16" slack="0"/>
</pin_list>
<bind>
<opcode="sext(35) " fcode="sext"/>
<opset="sext_ln15_1/6 "/>
</bind>
</comp>

<comp id="244" class="1007" name="grp_fu_244">
<pin_list>
<pin id="245" dir="0" index="0" bw="8" slack="0"/>
<pin id="246" dir="0" index="1" bw="8" slack="0"/>
<pin id="247" dir="0" index="2" bw="16" slack="2"/>
<pin id="248" dir="1" index="3" bw="16" slack="1"/>
</pin_list>
<bind>
<opcode="muladd(1172) " fcode="muladd"/>
<opset="mul_ln15/6 add_ln15/6 "/>
</bind>
</comp>

<comp id="255" class="1005" name="i_reg_255">
<pin_list>
<pin id="256" dir="0" index="0" bw="2" slack="0"/>
<pin id="257" dir="1" index="1" bw="2" slack="0"/>
</pin_list>
<bind>
<opset="i "/>
</bind>
</comp>

<comp id="260" class="1005" name="sub_ln15_reg_260">
<pin_list>
<pin id="261" dir="0" index="0" bw="5" slack="1"/>
<pin id="262" dir="1" index="1" bw="5" slack="1"/>
</pin_list>
<bind>
<opset="sub_ln15 "/>
</bind>
</comp>

<comp id="269" class="1005" name="j_reg_269">
<pin_list>
<pin id="270" dir="0" index="0" bw="2" slack="0"/>
<pin id="271" dir="1" index="1" bw="2" slack="0"/>
</pin_list>
<bind>
<opset="j "/>
</bind>
</comp>

<comp id="274" class="1005" name="zext_ln13_reg_274">
<pin_list>
<pin id="275" dir="0" index="0" bw="5" slack="1"/>
<pin id="276" dir="1" index="1" bw="5" slack="1"/>
</pin_list>
<bind>
<opset="zext_ln13 "/>
</bind>
</comp>

<comp id="279" class="1005" name="res_addr_reg_279">
<pin_list>
<pin id="280" dir="0" index="0" bw="4" slack="1"/>
<pin id="281" dir="1" index="1" bw="4" slack="1"/>
</pin_list>
<bind>
<opset="res_addr "/>
</bind>
</comp>

<comp id="287" class="1005" name="k_reg_287">
<pin_list>
<pin id="288" dir="0" index="0" bw="2" slack="0"/>
<pin id="289" dir="1" index="1" bw="2" slack="0"/>
</pin_list>
<bind>
<opset="k "/>
</bind>
</comp>

<comp id="292" class="1005" name="a_addr_reg_292">
<pin_list>
<pin id="293" dir="0" index="0" bw="4" slack="1"/>
<pin id="294" dir="1" index="1" bw="4" slack="1"/>
</pin_list>
<bind>
<opset="a_addr "/>
</bind>
</comp>

<comp id="297" class="1005" name="b_addr_reg_297">
<pin_list>
<pin id="298" dir="0" index="0" bw="4" slack="1"/>
<pin id="299" dir="1" index="1" bw="4" slack="1"/>
</pin_list>
<bind>
<opset="b_addr "/>
</bind>
</comp>

<comp id="302" class="1005" name="a_load_reg_302">
<pin_list>
<pin id="303" dir="0" index="0" bw="8" slack="1"/>
<pin id="304" dir="1" index="1" bw="8" slack="1"/>
</pin_list>
<bind>
<opset="a_load "/>
</bind>
</comp>

<comp id="307" class="1005" name="b_load_reg_307">
<pin_list>
<pin id="308" dir="0" index="0" bw="8" slack="1"/>
<pin id="309" dir="1" index="1" bw="8" slack="1"/>
</pin_list>
<bind>
<opset="b_load "/>
</bind>
</comp>

<comp id="312" class="1005" name="add_ln15_reg_312">
<pin_list>
<pin id="313" dir="0" index="0" bw="16" slack="1"/>
<pin id="314" dir="1" index="1" bw="16" slack="1"/>
</pin_list>
<bind>
<opset="add_ln15 "/>
</bind>
</comp>

</comp_list>

<net_list>
<net id="45"><net_src comp="4" pin="0"/><net_sink comp="40" pin=0"/></net>

<net id="46"><net_src comp="32" pin="0"/><net_sink comp="40" pin=1"/></net>

<net id="57"><net_src comp="0" pin="0"/><net_sink comp="52" pin=0"/></net>

<net id="58"><net_src comp="32" pin="0"/><net_sink comp="52" pin=1"/></net>

<net id="64"><net_src comp="2" pin="0"/><net_sink comp="59" pin=0"/></net>

<net id="65"><net_src comp="32" pin="0"/><net_sink comp="59" pin=1"/></net>

<net id="71"><net_src comp="52" pin="3"/><net_sink comp="66" pin=0"/></net>

<net id="77"><net_src comp="59" pin="3"/><net_sink comp="72" pin=0"/></net>

<net id="81"><net_src comp="12" pin="0"/><net_sink comp="78" pin=0"/></net>

<net id="88"><net_src comp="78" pin="1"/><net_sink comp="82" pin=0"/></net>

<net id="92"><net_src comp="12" pin="0"/><net_sink comp="89" pin=0"/></net>

<net id="99"><net_src comp="89" pin="1"/><net_sink comp="93" pin=0"/></net>

<net id="103"><net_src comp="36" pin="0"/><net_sink comp="100" pin=0"/></net>

<net id="110"><net_src comp="100" pin="1"/><net_sink comp="104" pin=0"/></net>

<net id="111"><net_src comp="104" pin="4"/><net_sink comp="47" pin=1"/></net>

<net id="112"><net_src comp="104" pin="4"/><net_sink comp="100" pin=0"/></net>

<net id="116"><net_src comp="12" pin="0"/><net_sink comp="113" pin=0"/></net>

<net id="123"><net_src comp="113" pin="1"/><net_sink comp="117" pin=0"/></net>

<net id="128"><net_src comp="82" pin="4"/><net_sink comp="124" pin=0"/></net>

<net id="129"><net_src comp="14" pin="0"/><net_sink comp="124" pin=1"/></net>

<net id="134"><net_src comp="82" pin="4"/><net_sink comp="130" pin=0"/></net>

<net id="135"><net_src comp="20" pin="0"/><net_sink comp="130" pin=1"/></net>

<net id="139"><net_src comp="82" pin="4"/><net_sink comp="136" pin=0"/></net>

<net id="145"><net_src comp="28" pin="0"/><net_sink comp="140" pin=0"/></net>

<net id="146"><net_src comp="82" pin="4"/><net_sink comp="140" pin=1"/></net>

<net id="147"><net_src comp="12" pin="0"/><net_sink comp="140" pin=2"/></net>

<net id="151"><net_src comp="140" pin="3"/><net_sink comp="148" pin=0"/></net>

<net id="156"><net_src comp="148" pin="1"/><net_sink comp="152" pin=0"/></net>

<net id="157"><net_src comp="136" pin="1"/><net_sink comp="152" pin=1"/></net>

<net id="162"><net_src comp="93" pin="4"/><net_sink comp="158" pin=0"/></net>

<net id="163"><net_src comp="14" pin="0"/><net_sink comp="158" pin=1"/></net>

<net id="168"><net_src comp="93" pin="4"/><net_sink comp="164" pin=0"/></net>

<net id="169"><net_src comp="20" pin="0"/><net_sink comp="164" pin=1"/></net>

<net id="173"><net_src comp="93" pin="4"/><net_sink comp="170" pin=0"/></net>

<net id="178"><net_src comp="170" pin="1"/><net_sink comp="174" pin=1"/></net>

<net id="182"><net_src comp="174" pin="2"/><net_sink comp="179" pin=0"/></net>

<net id="183"><net_src comp="179" pin="1"/><net_sink comp="40" pin=2"/></net>

<net id="188"><net_src comp="117" pin="4"/><net_sink comp="184" pin=0"/></net>

<net id="189"><net_src comp="14" pin="0"/><net_sink comp="184" pin=1"/></net>

<net id="194"><net_src comp="117" pin="4"/><net_sink comp="190" pin=0"/></net>

<net id="195"><net_src comp="20" pin="0"/><net_sink comp="190" pin=1"/></net>

<net id="199"><net_src comp="117" pin="4"/><net_sink comp="196" pin=0"/></net>

<net id="204"><net_src comp="196" pin="1"/><net_sink comp="200" pin=1"/></net>

<net id="208"><net_src comp="200" pin="2"/><net_sink comp="205" pin=0"/></net>

<net id="209"><net_src comp="205" pin="1"/><net_sink comp="52" pin=2"/></net>

<net id="215"><net_src comp="28" pin="0"/><net_sink comp="210" pin=0"/></net>

<net id="216"><net_src comp="117" pin="4"/><net_sink comp="210" pin=1"/></net>

<net id="217"><net_src comp="12" pin="0"/><net_sink comp="210" pin=2"/></net>

<net id="221"><net_src comp="210" pin="3"/><net_sink comp="218" pin=0"/></net>

<net id="226"><net_src comp="218" pin="1"/><net_sink comp="222" pin=0"/></net>

<net id="227"><net_src comp="196" pin="1"/><net_sink comp="222" pin=1"/></net>

<net id="232"><net_src comp="222" pin="2"/><net_sink comp="228" pin=0"/></net>

<net id="236"><net_src comp="228" pin="2"/><net_sink comp="233" pin=0"/></net>

<net id="237"><net_src comp="233" pin="1"/><net_sink comp="59" pin=2"/></net>

<net id="249"><net_src comp="241" pin="1"/><net_sink comp="244" pin=0"/></net>

<net id="250"><net_src comp="238" pin="1"/><net_sink comp="244" pin=1"/></net>

<net id="251"><net_src comp="100" pin="1"/><net_sink comp="244" pin=2"/></net>

<net id="258"><net_src comp="130" pin="2"/><net_sink comp="255" pin=0"/></net>

<net id="259"><net_src comp="255" pin="1"/><net_sink comp="82" pin=2"/></net>

<net id="263"><net_src comp="152" pin="2"/><net_sink comp="260" pin=0"/></net>

<net id="264"><net_src comp="260" pin="1"/><net_sink comp="174" pin=0"/></net>

<net id="265"><net_src comp="260" pin="1"/><net_sink comp="200" pin=0"/></net>

<net id="272"><net_src comp="164" pin="2"/><net_sink comp="269" pin=0"/></net>

<net id="273"><net_src comp="269" pin="1"/><net_sink comp="93" pin=2"/></net>

<net id="277"><net_src comp="170" pin="1"/><net_sink comp="274" pin=0"/></net>

<net id="278"><net_src comp="274" pin="1"/><net_sink comp="228" pin=1"/></net>

<net id="282"><net_src comp="40" pin="3"/><net_sink comp="279" pin=0"/></net>

<net id="283"><net_src comp="279" pin="1"/><net_sink comp="47" pin=0"/></net>

<net id="290"><net_src comp="190" pin="2"/><net_sink comp="287" pin=0"/></net>

<net id="291"><net_src comp="287" pin="1"/><net_sink comp="117" pin=2"/></net>

<net id="295"><net_src comp="52" pin="3"/><net_sink comp="292" pin=0"/></net>

<net id="296"><net_src comp="292" pin="1"/><net_sink comp="66" pin=0"/></net>

<net id="300"><net_src comp="59" pin="3"/><net_sink comp="297" pin=0"/></net>

<net id="301"><net_src comp="297" pin="1"/><net_sink comp="72" pin=0"/></net>

<net id="305"><net_src comp="66" pin="3"/><net_sink comp="302" pin=0"/></net>

<net id="306"><net_src comp="302" pin="1"/><net_sink comp="238" pin=0"/></net>

<net id="310"><net_src comp="72" pin="3"/><net_sink comp="307" pin=0"/></net>

<net id="311"><net_src comp="307" pin="1"/><net_sink comp="241" pin=0"/></net>

<net id="315"><net_src comp="244" pin="3"/><net_sink comp="312" pin=0"/></net>

<net id="316"><net_src comp="312" pin="1"/><net_sink comp="104" pin=2"/></net>

</net_list>

</model> 
---------------- Datapath Model END ------------------

* FSMD analyzer results:
  - Output states:
	Port: res | {4 }
 - Input state : 
	Port: matrixmul : a | {4 5 }
	Port: matrixmul : b | {4 5 }
  - Chain level:
	State 1
	State 2
		icmp_ln9 : 1
		i : 1
		br_ln9 : 2
		zext_ln15 : 1
		tmp_2 : 1
		zext_ln15_1 : 2
		sub_ln15 : 3
	State 3
		icmp_ln11 : 1
		j : 1
		br_ln11 : 2
		zext_ln13 : 1
		add_ln13 : 2
		sext_ln13 : 3
		res_addr : 4
	State 4
		store_ln15 : 1
		icmp_ln14 : 1
		k : 1
		br_ln14 : 2
		zext_ln15_2 : 1
		add_ln15_1 : 2
		sext_ln15_2 : 3
		a_addr : 4
		tmp_3 : 1
		zext_ln15_3 : 2
		sub_ln15_1 : 3
		add_ln15_2 : 4
		sext_ln15_3 : 5
		b_addr : 6
		a_load : 5
		b_load : 7
	State 5
	State 6
		mul_ln15 : 1
		add_ln15 : 2


============================================================
+ Verbose Summary: Datapath Resource usage 
============================================================

* Functional unit list:
|----------|--------------------|---------|---------|---------|
| Operation|   Functional Unit  |  DSP48E |    FF   |   LUT   |
|----------|--------------------|---------|---------|---------|
|          |      i_fu_130      |    0    |    0    |    10   |
|          |      j_fu_164      |    0    |    0    |    10   |
|    add   |   add_ln13_fu_174  |    0    |    0    |    15   |
|          |      k_fu_190      |    0    |    0    |    10   |
|          |  add_ln15_1_fu_200 |    0    |    0    |    15   |
|          |  add_ln15_2_fu_228 |    0    |    0    |    8    |
|----------|--------------------|---------|---------|---------|
|          |   icmp_ln9_fu_124  |    0    |    0    |    8    |
|   icmp   |  icmp_ln11_fu_158  |    0    |    0    |    8    |
|          |  icmp_ln14_fu_184  |    0    |    0    |    8    |
|----------|--------------------|---------|---------|---------|
|    sub   |   sub_ln15_fu_152  |    0    |    0    |    13   |
|          |  sub_ln15_1_fu_222 |    0    |    0    |    8    |
|----------|--------------------|---------|---------|---------|
|  muladd  |     grp_fu_244     |    1    |    0    |    0    |
|----------|--------------------|---------|---------|---------|
|          |  zext_ln15_fu_136  |    0    |    0    |    0    |
|          | zext_ln15_1_fu_148 |    0    |    0    |    0    |
|   zext   |  zext_ln13_fu_170  |    0    |    0    |    0    |
|          | zext_ln15_2_fu_196 |    0    |    0    |    0    |
|          | zext_ln15_3_fu_218 |    0    |    0    |    0    |
|----------|--------------------|---------|---------|---------|
|bitconcatenate|    tmp_2_fu_140    |    0    |    0    |    0    |
|          |    tmp_3_fu_210    |    0    |    0    |    0    |
|----------|--------------------|---------|---------|---------|
|          |  sext_ln13_fu_179  |    0    |    0    |    0    |
|          | sext_ln15_2_fu_205 |    0    |    0    |    0    |
|   sext   | sext_ln15_3_fu_233 |    0    |    0    |    0    |
|          |  sext_ln15_fu_238  |    0    |    0    |    0    |
|          | sext_ln15_1_fu_241 |    0    |    0    |    0    |
|----------|--------------------|---------|---------|---------|
|   Total  |                    |    1    |    0    |   113   |
|----------|--------------------|---------|---------|---------|

Memories:
N/A

* Register list:
+-----------------+--------+
|                 |   FF   |
+-----------------+--------+
|  a_addr_reg_292 |    4   |
|  a_load_reg_302 |    8   |
| add_ln15_reg_312|   16   |
|  b_addr_reg_297 |    4   |
|  b_load_reg_307 |    8   |
|    i_0_reg_78   |    2   |
|    i_reg_255    |    2   |
|    j_0_reg_89   |    2   |
|    j_reg_269    |    2   |
|   k_0_reg_113   |    2   |
|    k_reg_287    |    2   |
| res_addr_reg_279|    4   |
| res_load_reg_100|   16   |
| sub_ln15_reg_260|    5   |
|zext_ln13_reg_274|    5   |
+-----------------+--------+
|      Total      |   82   |
+-----------------+--------+

* Multiplexer (MUX) list: 
|------------------|------|------|------|--------||---------||---------|
|       Comp       |  Pin | Size |  BW  | S x BW ||  Delay  ||   LUT   |
|------------------|------|------|------|--------||---------||---------|
| grp_access_fu_66 |  p0  |   2  |   4  |    8   ||    9    |
| grp_access_fu_72 |  p0  |   2  |   4  |    8   ||    9    |
| res_load_reg_100 |  p0  |   2  |  16  |   32   ||    9    |
|------------------|------|------|------|--------||---------||---------|
|       Total      |      |      |      |   48   ||  4.992  ||    27   |
|------------------|------|------|------|--------||---------||---------|



* Summary:
+-----------+--------+--------+--------+--------+
|           | DSP48E |  Delay |   FF   |   LUT  |
+-----------+--------+--------+--------+--------+
|  Function |    1   |    -   |    0   |   113  |
|   Memory  |    -   |    -   |    -   |    -   |
|Multiplexer|    -   |    4   |    -   |   27   |
|  Register |    -   |    -   |   82   |    -   |
+-----------+--------+--------+--------+--------+
|   Total   |    1   |    4   |   82   |   140  |
+-----------+--------+--------+--------+--------+
